<?xml version="1.0" encoding="UTF-8"?>
<!-- Generated by org.testng.reporters.JUnitReportReporter -->
<testsuite hostname="LAPTOP-ER1GILP8" failures="0" tests="2" name="Testng_Practice.TestClass1" time="17.905" errors="0" timestamp="2024-02-29T19:20:51 IST" skipped="0">
  <testcase classname="Testng_Practice.TestClass1" name="testcase1" time="2.797"/>
  <testcase classname="Testng_Practice.TestClass1" name="testcase2" time="15.108"/>
</testsuite> <!-- Testng_Practice.TestClass1 -->
